<?xml version="1.0" encoding="UTF-8"?>
<testng-results ignored="0" total="1" passed="1" failed="0" skipped="0">
  <reporter-output>
  </reporter-output>
  <suite started-at="2022-09-16T21:29:37 IST" name="Default suite" finished-at="2022-09-16T21:31:35 IST" duration-ms="118031">
    <groups>
    </groups>
    <test started-at="2022-09-16T21:29:37 IST" name="Default test" finished-at="2022-09-16T21:31:35 IST" duration-ms="118031">
      <class name="Seleniumdemo.Casestudy">
        <test-method is-config="true" signature="BT()[pri:0, instance:Seleniumdemo.Casestudy@4e096385]" started-at="2022-09-16T21:29:37 IST" name="BT" finished-at="2022-09-16T21:29:50 IST" duration-ms="13141" status="PASS">
          <reporter-output>
          </reporter-output>
        </test-method> <!-- BT -->
        <test-method signature="testcase()[pri:0, instance:Seleniumdemo.Casestudy@4e096385]" started-at="2022-09-16T21:29:50 IST" name="testcase" finished-at="2022-09-16T21:31:35 IST" duration-ms="104848" status="PASS">
          <reporter-output>
          </reporter-output>
        </test-method> <!-- testcase -->
        <test-method is-config="true" signature="AT()[pri:0, instance:Seleniumdemo.Casestudy@4e096385]" started-at="2022-09-16T21:31:35 IST" name="AT" finished-at="2022-09-16T21:31:35 IST" duration-ms="0" status="PASS">
          <reporter-output>
          </reporter-output>
        </test-method> <!-- AT -->
      </class> <!-- Seleniumdemo.Casestudy -->
    </test> <!-- Default test -->
  </suite> <!-- Default suite -->
</testng-results>
